<?xml version="1.0" encoding="UTF-8"?>
<testsuite name="co7217.mu6.entity.tests.DomainDSLParsingTest" tests="1" skipped="0" failures="0" errors="0" timestamp="2020-11-21T17:59:07" hostname="pc1276" time="1.382">
  <properties/>
  <testcase name="loadModel()" classname="co7217.mu6.entity.tests.DomainDSLParsingTest" time="1.382"/>
  <system-out><![CDATA[]]></system-out>
  <system-err><![CDATA[]]></system-err>
</testsuite>
